c:\users\администратор\desktop\total project\total project\debug\vc141.pdb
c:\users\администратор\desktop\total project\total project\debug\vc141.idb
c:\users\администратор\desktop\total project\total project\debug\administrators.obj
c:\users\администратор\desktop\total project\total project\debug\main manager.obj
c:\users\администратор\desktop\total project\total project\debug\main train.obj
c:\users\администратор\desktop\total project\total project\debug\main.obj
c:\users\администратор\desktop\total project\total project\debug\services.obj
c:\users\администратор\desktop\total project\total project\debug\main maria.obj
c:\users\администратор\desktop\total project\total project\debug\main tatiana.obj
c:\users\администратор\desktop\total project\total project\debug\main eveline.obj
c:\users\администратор\desktop\total project\total project\debug\total main.obj
c:\users\администратор\desktop\total project\total project\debug\main russ.obj
c:\users\администратор\desktop\total project\debug\total project.exe
c:\users\администратор\desktop\total project\debug\total project.ilk
c:\users\администратор\desktop\total project\debug\total project.pdb
c:\users\администратор\desktop\total project\total project\debug\total project.tlog\cl.command.1.tlog
c:\users\администратор\desktop\total project\total project\debug\total project.tlog\cl.read.1.tlog
c:\users\администратор\desktop\total project\total project\debug\total project.tlog\cl.write.1.tlog
c:\users\администратор\desktop\total project\total project\debug\total project.tlog\link.command.1.tlog
c:\users\администратор\desktop\total project\total project\debug\total project.tlog\link.read.1.tlog
c:\users\администратор\desktop\total project\total project\debug\total project.tlog\link.write.1.tlog
